<?xml version="1.0" encoding="UTF-8"?>
<!-- Generated by org.testng.reporters.JUnitReportReporter -->
<testsuite hostname="DESKTOP-4U73KN9" failures="0" tests="1" name="cucumberOptions.TestNgTestRunner" time="0.072" errors="0" timestamp="2022-11-22T19:08:08 IST" skipped="0">
  <testcase classname="cucumberOptions.TestNgTestRunner" name="runScenario" time="0.072"/>
  <system-out/>
</testsuite> <!-- cucumberOptions.TestNgTestRunner -->
